# JRE version: OpenJDK Runtime Environment Corretto-19.0.2.7.1 (19.0.2+7) (build 19.0.2+7-FR)
# Java VM: OpenJDK 64-Bit Server VM Corretto-19.0.2.7.1 (19.0.2+7-FR, mixed mode, emulated-client, sharing, tiered, compressed oops, compressed class ptrs, g1 gc, windows-amd64)
GC Precious Log:
 CardTable entry size: 512
 Card Set container configuration: InlinePtr #cards 5 size 8 Array Of Cards #cards 12 size 40 Howl #buckets 4 coarsen threshold 1843 Howl Bitmap #cards 512 size 80 coarsen threshold 460 Card regions per heap region 1 cards per card region 2048
 CPUs: 4 total, 4 available
 Memory: 3539M
 Large Page Support: Disabled
 NUMA Support: Disabled
 Compressed Oops: Enabled (32-bit)
 Heap Region Size: 1M
 Heap Min Capacity: 8M
 Heap Initial Capacity: 56M
 Heap Max Capacity: 886M
 Pre-touch: Disabled
 Parallel Workers: 4
 Concurrent Workers: 1
 Concurrent Refinement Workers: 4
 Periodic GC: Disabled
Heap:
 garbage-first heap   total 57344K, used 23103K [0x00000000c8a00000, 0x0000000100000000)
  region size 1024K, 2 young (2048K), 2 survivors (2048K)
 Metaspace       used 47266K, committed 47680K, reserved 1114112K
  class space    used 6404K, committed 6592K, reserved 1048576K
GC Heap History (20 events):
Event: 5.486 GC heap after
{Heap after GC invocations=4 (full 0):
 garbage-first heap   total 57344K, used 11470K [0x00000000c8a00000, 0x0000000100000000)
  region size 1024K, 3 young (3072K), 3 survivors (3072K)
 Metaspace       used 18597K, committed 18944K, reserved 1114112K
  class space    used 2345K, committed 2496K, reserved 1048576K
}
Event: 5.923 GC heap before
{Heap before GC invocations=4 (full 0):
 garbage-first heap   total 57344K, used 37070K [0x00000000c8a00000, 0x0000000100000000)
  region size 1024K, 29 young (29696K), 3 survivors (3072K)
 Metaspace       used 19703K, committed 20032K, reserved 1114112K
  class space    used 2480K, committed 2624K, reserved 1048576K
}
Event: 5.932 GC heap after
{Heap after GC invocations=5 (full 0):
 garbage-first heap   total 57344K, used 13431K [0x00000000c8a00000, 0x0000000100000000)
  region size 1024K, 3 young (3072K), 3 survivors (3072K)
 Metaspace       used 19703K, committed 20032K, reserved 1114112K
  class space    used 2480K, committed 2624K, reserved 1048576K
}
Event: 6.402 GC heap before
{Heap before GC invocations=5 (full 0):
 garbage-first heap   total 57344K, used 31863K [0x00000000c8a00000, 0x0000000100000000)
  region size 1024K, 22 young (22528K), 3 survivors (3072K)
 Metaspace       used 21227K, committed 21504K, reserved 1114112K
  class space    used 2682K, committed 2816K, reserved 1048576K
}
Event: 6.409 GC heap after
{Heap after GC invocations=6 (full 0):
 garbage-first heap   total 57344K, used 14416K [0x00000000c8a00000, 0x0000000100000000)
  region size 1024K, 3 young (3072K), 3 survivors (3072K)
 Metaspace       used 21227K, committed 21504K, reserved 1114112K
  class space    used 2682K, committed 2816K, reserved 1048576K
}
Event: 7.218 GC heap before
{Heap before GC invocations=7 (full 0):
 garbage-first heap   total 55296K, used 41040K [0x00000000c8a00000, 0x0000000100000000)
  region size 1024K, 29 young (29696K), 3 survivors (3072K)
 Metaspace       used 24987K, committed 25280K, reserved 1114112K
  class space    used 3234K, committed 3392K, reserved 1048576K
}
Event: 7.231 GC heap after
{Heap after GC invocations=8 (full 0):
 garbage-first heap   total 55296K, used 16582K [0x00000000c8a00000, 0x0000000100000000)
  region size 1024K, 4 young (4096K), 4 survivors (4096K)
 Metaspace       used 24987K, committed 25280K, reserved 1114112K
  class space    used 3234K, committed 3392K, reserved 1048576K
}
Event: 7.279 GC heap before
{Heap before GC invocations=8 (full 0):
 garbage-first heap   total 55296K, used 17606K [0x00000000c8a00000, 0x0000000100000000)
  region size 1024K, 5 young (5120K), 4 survivors (4096K)
 Metaspace       used 25143K, committed 25472K, reserved 1114112K
  class space    used 3262K, committed 3456K, reserved 1048576K
}
Event: 7.290 GC heap after
{Heap after GC invocations=9 (full 0):
 garbage-first heap   total 55296K, used 16942K [0x00000000c8a00000, 0x0000000100000000)
  region size 1024K, 1 young (1024K), 1 survivors (1024K)
 Metaspace       used 25143K, committed 25472K, reserved 1114112K
  class space    used 3262K, committed 3456K, reserved 1048576K
}
Event: 8.313 GC heap before
{Heap before GC invocations=9 (full 0):
 garbage-first heap   total 55296K, used 39470K [0x00000000c8a00000, 0x0000000100000000)
  region size 1024K, 24 young (24576K), 1 survivors (1024K)
 Metaspace       used 29356K, committed 29760K, reserved 1114112K
  class space    used 3818K, committed 4032K, reserved 1048576K
}
Event: 8.320 GC heap after
{Heap after GC invocations=10 (full 0):
 garbage-first heap   total 55296K, used 18959K [0x00000000c8a00000, 0x0000000100000000)
  region size 1024K, 3 young (3072K), 3 survivors (3072K)
 Metaspace       used 29356K, committed 29760K, reserved 1114112K
  class space    used 3818K, committed 4032K, reserved 1048576K
}
Event: 8.935 GC heap before
{Heap before GC invocations=10 (full 0):
 garbage-first heap   total 55296K, used 39439K [0x00000000c8a00000, 0x0000000100000000)
  region size 1024K, 24 young (24576K), 3 survivors (3072K)
 Metaspace       used 34340K, committed 34752K, reserved 1114112K
  class space    used 4413K, committed 4608K, reserved 1048576K
}
Event: 8.940 GC heap after
{Heap after GC invocations=11 (full 0):
 garbage-first heap   total 55296K, used 20672K [0x00000000c8a00000, 0x0000000100000000)
  region size 1024K, 2 young (2048K), 2 survivors (2048K)
 Metaspace       used 34340K, committed 34752K, reserved 1114112K
  class space    used 4413K, committed 4608K, reserved 1048576K
}
Event: 9.082 GC heap before
{Heap before GC invocations=11 (full 0):
 garbage-first heap   total 55296K, used 25792K [0x00000000c8a00000, 0x0000000100000000)
  region size 1024K, 8 young (8192K), 2 survivors (2048K)
 Metaspace       used 35793K, committed 36096K, reserved 1114112K
  class space    used 4581K, committed 4736K, reserved 1048576K
}
Event: 9.085 GC heap after
{Heap after GC invocations=12 (full 0):
 garbage-first heap   total 55296K, used 21517K [0x00000000c8a00000, 0x0000000100000000)
  region size 1024K, 1 young (1024K), 1 survivors (1024K)
 Metaspace       used 35793K, committed 36096K, reserved 1114112K
  class space    used 4581K, committed 4736K, reserved 1048576K
}
Event: 9.762 GC heap before
{Heap before GC invocations=13 (full 0):
 garbage-first heap   total 55296K, used 41997K [0x00000000c8a00000, 0x0000000100000000)
  region size 1024K, 21 young (21504K), 1 survivors (1024K)
 Metaspace       used 41443K, committed 41792K, reserved 1114112K
  class space    used 5554K, committed 5696K, reserved 1048576K
}
Event: 9.764 GC heap after
{Heap after GC invocations=14 (full 0):
 garbage-first heap   total 55296K, used 22370K [0x00000000c8a00000, 0x0000000100000000)
  region size 1024K, 2 young (2048K), 2 survivors (2048K)
 Metaspace       used 41443K, committed 41792K, reserved 1114112K
  class space    used 5554K, committed 5696K, reserved 1048576K
}
Event: 9.796 GC heap before
{Heap before GC invocations=14 (full 0):
 garbage-first heap   total 55296K, used 23394K [0x00000000c8a00000, 0x0000000100000000)
  region size 1024K, 3 young (3072K), 2 survivors (2048K)
 Metaspace       used 41740K, committed 42112K, reserved 1114112K
  class space    used 5591K, committed 5760K, reserved 1048576K
}
Event: 9.800 GC heap after
{Heap after GC invocations=15 (full 0):
 garbage-first heap   total 55296K, used 22209K [0x00000000c8a00000, 0x0000000100000000)
  region size 1024K, 1 young (1024K), 1 survivors (1024K)
 Metaspace       used 41740K, committed 42112K, reserved 1114112K
  class space    used 5591K, committed 5760K, reserved 1048576K
}
Event: 10.524 GC heap before
{Heap before GC invocations=15 (full 0):
 garbage-first heap   total 55296K, used 41665K [0x00000000c8a00000, 0x0000000100000000)
  region size 1024K, 21 young (21504K), 1 survivors (1024K)
 Metaspace       used 47266K, committed 47680K, reserved 1114112K
  class space    used 6404K, committed 6592K, reserved 1048576K
}

