# JRE version: OpenJDK Runtime Environment Corretto-19.0.2.7.1 (19.0.2+7) (build 19.0.2+7-FR)
# Java VM: OpenJDK 64-Bit Server VM Corretto-19.0.2.7.1 (19.0.2+7-FR, mixed mode, sharing, tiered, compressed oops, compressed class ptrs, g1 gc, windows-amd64)
GC Precious Log:
 CardTable entry size: 512
 Card Set container configuration: InlinePtr #cards 5 size 8 Array Of Cards #cards 12 size 40 Howl #buckets 4 coarsen threshold 1843 Howl Bitmap #cards 512 size 80 coarsen threshold 460 Card regions per heap region 1 cards per card region 2048
 CPUs: 4 total, 4 available
 Memory: 3539M
 Large Page Support: Disabled
 NUMA Support: Disabled
 Compressed Oops: Enabled (32-bit)
 Heap Region Size: 1M
 Heap Min Capacity: 256M
 Heap Initial Capacity: 256M
 Heap Max Capacity: 512M
 Pre-touch: Disabled
 Parallel Workers: 4
 Concurrent Workers: 1
 Concurrent Refinement Workers: 4
 Periodic GC: Disabled
Heap:
 garbage-first heap   total 262144K, used 119181K [0x00000000e0000000, 0x0000000100000000)
  region size 1024K, 34 young (34816K), 7 survivors (7168K)
 Metaspace       used 86167K, committed 88192K, reserved 446464K
  class space    used 11490K, committed 12544K, reserved 315392K
GC Heap History (20 events):
Event: 17.047 GC heap before
{Heap before GC invocations=1 (full 0):
 garbage-first heap   total 262144K, used 23616K [0x00000000e0000000, 0x0000000100000000)
  region size 1024K, 18 young (18432K), 2 survivors (2048K)
 Metaspace       used 4001K, committed 4224K, reserved 380928K
  class space    used 482K, committed 576K, reserved 315392K
}
Event: 17.056 GC heap after
{Heap after GC invocations=2 (full 0):
 garbage-first heap   total 262144K, used 10668K [0x00000000e0000000, 0x0000000100000000)
  region size 1024K, 3 young (3072K), 3 survivors (3072K)
 Metaspace       used 4001K, committed 4224K, reserved 380928K
  class space    used 482K, committed 576K, reserved 315392K
}
Event: 24.218 GC heap before
{Heap before GC invocations=2 (full 0):
 garbage-first heap   total 262144K, used 33196K [0x00000000e0000000, 0x0000000100000000)
  region size 1024K, 25 young (25600K), 3 survivors (3072K)
 Metaspace       used 4136K, committed 4288K, reserved 380928K
  class space    used 484K, committed 576K, reserved 315392K
}
Event: 24.222 GC heap after
{Heap after GC invocations=3 (full 0):
 garbage-first heap   total 262144K, used 13290K [0x00000000e0000000, 0x0000000100000000)
  region size 1024K, 3 young (3072K), 3 survivors (3072K)
 Metaspace       used 4136K, committed 4288K, reserved 380928K
  class space    used 484K, committed 576K, reserved 315392K
}
Event: 36.647 GC heap before
{Heap before GC invocations=3 (full 0):
 garbage-first heap   total 262144K, used 112618K [0x00000000e0000000, 0x0000000100000000)
  region size 1024K, 101 young (103424K), 3 survivors (3072K)
 Metaspace       used 20799K, committed 21504K, reserved 380928K
  class space    used 2983K, committed 3392K, reserved 315392K
}
Event: 36.692 GC heap after
{Heap after GC invocations=4 (full 0):
 garbage-first heap   total 262144K, used 22095K [0x00000000e0000000, 0x0000000100000000)
  region size 1024K, 12 young (12288K), 12 survivors (12288K)
 Metaspace       used 20799K, committed 21504K, reserved 380928K
  class space    used 2983K, committed 3392K, reserved 315392K
}
Event: 52.173 GC heap before
{Heap before GC invocations=5 (full 0):
 garbage-first heap   total 262144K, used 126543K [0x00000000e0000000, 0x0000000100000000)
  region size 1024K, 105 young (107520K), 12 survivors (12288K)
 Metaspace       used 34779K, committed 35968K, reserved 380928K
  class space    used 4876K, committed 5504K, reserved 315392K
}
Event: 52.286 GC heap after
{Heap after GC invocations=6 (full 0):
 garbage-first heap   total 262144K, used 43480K [0x00000000e0000000, 0x0000000100000000)
  region size 1024K, 10 young (10240K), 10 survivors (10240K)
 Metaspace       used 34779K, committed 35968K, reserved 380928K
  class space    used 4876K, committed 5504K, reserved 315392K
}
Event: 63.026 GC heap before
{Heap before GC invocations=7 (full 0):
 garbage-first heap   total 262144K, used 142808K [0x00000000e0000000, 0x0000000100000000)
  region size 1024K, 98 young (100352K), 10 survivors (10240K)
 Metaspace       used 42551K, committed 44032K, reserved 380928K
  class space    used 5765K, committed 6528K, reserved 315392K
}
Event: 63.176 GC heap after
{Heap after GC invocations=8 (full 0):
 garbage-first heap   total 262144K, used 53871K [0x00000000e0000000, 0x0000000100000000)
  region size 1024K, 9 young (9216K), 9 survivors (9216K)
 Metaspace       used 42551K, committed 44032K, reserved 380928K
  class space    used 5765K, committed 6528K, reserved 315392K
}
Event: 76.474 GC heap before
{Heap before GC invocations=8 (full 0):
 garbage-first heap   total 262144K, used 155247K [0x00000000e0000000, 0x0000000100000000)
  region size 1024K, 108 young (110592K), 9 survivors (9216K)
 Metaspace       used 54794K, committed 56448K, reserved 380928K
  class space    used 7976K, committed 8832K, reserved 315392K
}
Event: 76.524 GC heap after
{Heap after GC invocations=9 (full 0):
 garbage-first heap   total 262144K, used 58685K [0x00000000e0000000, 0x0000000100000000)
  region size 1024K, 5 young (5120K), 5 survivors (5120K)
 Metaspace       used 54794K, committed 56448K, reserved 380928K
  class space    used 7976K, committed 8832K, reserved 315392K
}
Event: 77.380 GC heap before
{Heap before GC invocations=9 (full 0):
 garbage-first heap   total 262144K, used 83261K [0x00000000e0000000, 0x0000000100000000)
  region size 1024K, 30 young (30720K), 5 survivors (5120K)
 Metaspace       used 58414K, committed 60096K, reserved 380928K
  class space    used 8395K, committed 9280K, reserved 315392K
}
Event: 77.397 GC heap after
{Heap after GC invocations=10 (full 0):
 garbage-first heap   total 262144K, used 59215K [0x00000000e0000000, 0x0000000100000000)
  region size 1024K, 6 young (6144K), 6 survivors (6144K)
 Metaspace       used 58414K, committed 60096K, reserved 380928K
  class space    used 8395K, committed 9280K, reserved 315392K
}
Event: 85.152 GC heap before
{Heap before GC invocations=11 (full 0):
 garbage-first heap   total 262144K, used 228175K [0x00000000e0000000, 0x0000000100000000)
  region size 1024K, 153 young (156672K), 6 survivors (6144K)
 Metaspace       used 72860K, committed 74624K, reserved 380928K
  class space    used 9965K, committed 10880K, reserved 315392K
}
Event: 85.282 GC heap after
{Heap after GC invocations=12 (full 0):
 garbage-first heap   total 262144K, used 85660K [0x00000000e0000000, 0x0000000100000000)
  region size 1024K, 20 young (20480K), 20 survivors (20480K)
 Metaspace       used 72860K, committed 74624K, reserved 380928K
  class space    used 9965K, committed 10880K, reserved 315392K
}
Event: 85.488 GC heap before
{Heap before GC invocations=12 (full 0):
 garbage-first heap   total 262144K, used 86684K [0x00000000e0000000, 0x0000000100000000)
  region size 1024K, 21 young (21504K), 20 survivors (20480K)
 Metaspace       used 72960K, committed 74688K, reserved 380928K
  class space    used 9968K, committed 10880K, reserved 315392K
}
Event: 85.692 GC heap after
{Heap after GC invocations=13 (full 0):
 garbage-first heap   total 262144K, used 87437K [0x00000000e0000000, 0x0000000100000000)
  region size 1024K, 2 young (2048K), 2 survivors (2048K)
 Metaspace       used 72960K, committed 74688K, reserved 380928K
  class space    used 9968K, committed 10880K, reserved 315392K
}
Event: 95.460 GC heap before
{Heap before GC invocations=13 (full 0):
 garbage-first heap   total 262144K, used 201101K [0x00000000e0000000, 0x0000000100000000)
  region size 1024K, 112 young (114688K), 2 survivors (2048K)
 Metaspace       used 86064K, committed 88128K, reserved 446464K
  class space    used 11489K, committed 12544K, reserved 315392K
}
Event: 95.645 GC heap after
{Heap after GC invocations=14 (full 0):
 garbage-first heap   total 262144K, used 92557K [0x00000000e0000000, 0x0000000100000000)
  region size 1024K, 7 young (7168K), 7 survivors (7168K)
 Metaspace       used 86064K, committed 88128K, reserved 446464K
  class space    used 11489K, committed 12544K, reserved 315392K
}

